Build started 25-09-2023 15:12:09.
     1>Project "C:\Users\Risheek\Desktop\Assingment\LBG_algorithm\LBG_algorithm\LBG_algorithm.vcxproj" on node 2 (build target(s)).
     1>InitializeBuildStatus:
         Creating "Debug\LBG_algorithm.unsuccessfulbuild" because "AlwaysCreate" was specified.
       ClCompile:
         All outputs are up-to-date.
         C:\Program Files (x86)\Microsoft Visual Studio 10.0\VC\bin\CL.exe /c /ZI /nologo /W3 /WX- /Od /Oy- /D WIN32 /D _DEBUG /D _CONSOLE /D _UNICODE /D UNICODE /Gm /EHsc /RTC1 /MDd /GS /fp:precise /Zc:wchar_t /Zc:forScope /Yu"StdAfx.h" /Fp"Debug\LBG_algorithm.pch" /Fo"Debug\\" /Fd"Debug\vc100.pdb" /Gd /TP /analyze- /errorReport:prompt LBG_algorithm.cpp
         LBG_algorithm.cpp
     1>c:\users\risheek\desktop\assingment\lbg_algorithm\lbg_algorithm\lbg_algorithm.cpp(21): warning C4996: 'fopen': This function or variable may be unsafe. Consider using fopen_s instead. To disable deprecation, use _CRT_SECURE_NO_WARNINGS. See online help for details.
                 c:\program files (x86)\microsoft visual studio 10.0\vc\include\stdio.h(234) : see declaration of 'fopen'
     1>c:\users\risheek\desktop\assingment\lbg_algorithm\lbg_algorithm\lbg_algorithm.cpp(31): warning C4996: 'strtok': This function or variable may be unsafe. Consider using strtok_s instead. To disable deprecation, use _CRT_SECURE_NO_WARNINGS. See online help for details.
                 c:\program files (x86)\microsoft visual studio 10.0\vc\include\string.h(197) : see declaration of 'strtok'
     1>c:\users\risheek\desktop\assingment\lbg_algorithm\lbg_algorithm\lbg_algorithm.cpp(38): warning C4996: 'strtok': This function or variable may be unsafe. Consider using strtok_s instead. To disable deprecation, use _CRT_SECURE_NO_WARNINGS. See online help for details.
                 c:\program files (x86)\microsoft visual studio 10.0\vc\include\string.h(197) : see declaration of 'strtok'
     1>c:\users\risheek\desktop\assingment\lbg_algorithm\lbg_algorithm\lbg_algorithm.cpp(83): warning C4172: returning address of local variable or temporary
       ManifestResourceCompile:
         All outputs are up-to-date.
       Link:
         C:\Program Files (x86)\Microsoft Visual Studio 10.0\VC\bin\link.exe /ERRORREPORT:PROMPT /OUT:"C:\Users\Risheek\Desktop\Assingment\LBG_algorithm\Debug\LBG_algorithm.exe" /INCREMENTAL /NOLOGO kernel32.lib user32.lib gdi32.lib winspool.lib comdlg32.lib advapi32.lib shell32.lib ole32.lib oleaut32.lib uuid.lib odbc32.lib odbccp32.lib /MANIFEST /ManifestFile:"Debug\LBG_algorithm.exe.intermediate.manifest" /MANIFESTUAC:"level='asInvoker' uiAccess='false'" /DEBUG /PDB:"C:\Users\Risheek\Desktop\Assingment\LBG_algorithm\Debug\LBG_algorithm.pdb" /SUBSYSTEM:CONSOLE /TLBID:1 /DYNAMICBASE /NXCOMPAT /IMPLIB:"C:\Users\Risheek\Desktop\Assingment\LBG_algorithm\Debug\LBG_algorithm.lib" /MACHINE:X86 Debug\LBG_algorithm.exe.embed.manifest.res
         Debug\LBG_algorithm.obj
         Debug\stdafx.obj
       Manifest:
         C:\Program Files (x86)\Microsoft SDKs\Windows\v7.0A\bin\mt.exe /nologo /verbose /out:"Debug\LBG_algorithm.exe.embed.manifest" /manifest Debug\LBG_algorithm.exe.intermediate.manifest
         All outputs are up-to-date.
       LinkEmbedManifest:
         All outputs are up-to-date.
         LBG_algorithm.vcxproj -> C:\Users\Risheek\Desktop\Assingment\LBG_algorithm\Debug\LBG_algorithm.exe
       FinalizeBuildStatus:
         Deleting file "Debug\LBG_algorithm.unsuccessfulbuild".
         Touching "Debug\LBG_algorithm.lastbuildstate".
     1>Done Building Project "C:\Users\Risheek\Desktop\Assingment\LBG_algorithm\LBG_algorithm\LBG_algorithm.vcxproj" (build target(s)).

Build succeeded.

Time Elapsed 00:00:03.74
